Flow report for vga_colorbar
Tue Dec  5 15:00:25 2023
Quartus Prime Version 22.1std.2 Build 922 07/20/2023 SC Lite Edition


---------------------
; Table of Contents ;
---------------------
  1. Legal Notice
  2. Flow Summary
  3. Flow Settings
  4. Flow Non-Default Global Settings
  5. Flow Elapsed Time
  6. Flow OS Summary
  7. Flow Log
  8. Flow Messages
  9. Flow Suppressed Messages



----------------
; Legal Notice ;
----------------
Copyright (C) 2023  Intel Corporation. All rights reserved.
Your use of Intel Corporation's design tools, logic functions 
and other software and tools, and any partner logic 
functions, and any output files from any of the foregoing 
(including device programming or simulation files), and any 
associated documentation or information are expressly subject 
to the terms and conditions of the Intel Program License 
Subscription Agreement, the Intel Quartus Prime License Agreement,
the Intel FPGA IP License Agreement, or other applicable license
agreement, including, without limitation, that your use is for
the sole purpose of programming logic devices manufactured by
Intel and sold by Intel or its authorized distributors.  Please
refer to the applicable agreement for further details, at
https://fpgasoftware.intel.com/eula.



+----------------------------------------------------------------------------------+
; Flow Summary                                                                     ;
+---------------------------------+------------------------------------------------+
; Flow Status                     ; Successful - Tue Dec  5 15:00:25 2023          ;
; Quartus Prime Version           ; 22.1std.2 Build 922 07/20/2023 SC Lite Edition ;
; Revision Name                   ; vga_colorbar                                   ;
; Top-level Entity Name           ; top                                            ;
; Family                          ; Cyclone V                                      ;
; Device                          ; 5CSEMA5F31C6                                   ;
; Timing Models                   ; Final                                          ;
; Logic utilization (in ALMs)     ; 982 / 32,070 ( 3 % )                           ;
; Total registers                 ; 937                                            ;
; Total pins                      ; 66 / 457 ( 14 % )                              ;
; Total virtual pins              ; 0                                              ;
; Total block memory bits         ; 32,768 / 4,065,280 ( < 1 % )                   ;
; Total DSP Blocks                ; 9 / 87 ( 10 % )                                ;
; Total HSSI RX PCSs              ; 0                                              ;
; Total HSSI PMA RX Deserializers ; 0                                              ;
; Total HSSI TX PCSs              ; 0                                              ;
; Total HSSI PMA TX Serializers   ; 0                                              ;
; Total PLLs                      ; 2 / 6 ( 33 % )                                 ;
; Total DLLs                      ; 0 / 4 ( 0 % )                                  ;
+---------------------------------+------------------------------------------------+


+-----------------------------------------+
; Flow Settings                           ;
+-------------------+---------------------+
; Option            ; Setting             ;
+-------------------+---------------------+
; Start date & time ; 12/05/2023 14:58:23 ;
; Main task         ; Compilation         ;
; Revision Name     ; vga_colorbar        ;
+-------------------+---------------------+


+------------------------------------------------------------------------------------------------------------------------------+
; Flow Non-Default Global Settings                                                                                             ;
+--------------------------------------+----------------------------------------+---------------+-------------+----------------+
; Assignment Name                      ; Value                                  ; Default Value ; Entity Name ; Section Id     ;
+--------------------------------------+----------------------------------------+---------------+-------------+----------------+
; COMPILER_SIGNATURE_ID                ; 264664981302858.170180630221644        ; --            ; --          ; --             ;
; EDA_DESIGN_INSTANCE_NAME             ; NA                                     ; --            ; --          ; fsm_ctl_tb     ;
; EDA_NATIVELINK_SIMULATION_TEST_BENCH ; fsm_ctl_tb                             ; --            ; --          ; eda_simulation ;
; EDA_OUTPUT_DATA_FORMAT               ; Vhdl                                   ; --            ; --          ; eda_simulation ;
; EDA_SIMULATION_TOOL                  ; ModelSim (VHDL)                        ; <None>        ; --          ; --             ;
; EDA_TEST_BENCH_ENABLE_STATUS         ; TEST_BENCH_MODE                        ; --            ; --          ; eda_simulation ;
; EDA_TEST_BENCH_FILE                  ; ../tb/fsm_ctl_tb.v                     ; --            ; --          ; fsm_ctl_tb     ;
; EDA_TEST_BENCH_MODULE_NAME           ; fsm_ctl_tb                             ; --            ; --          ; fsm_ctl_tb     ;
; EDA_TEST_BENCH_NAME                  ; fsm_ctl_tb                             ; --            ; --          ; eda_simulation ;
; ENABLE_SIGNALTAP                     ; Off                                    ; --            ; --          ; --             ;
; MAX_CORE_JUNCTION_TEMP               ; 85                                     ; --            ; --          ; --             ;
; MIN_CORE_JUNCTION_TEMP               ; 0                                      ; --            ; --          ; --             ;
; MISC_FILE                            ; music_time_rom0_bb.v                   ; --            ; --          ; --             ;
; MISC_FILE                            ; music_rom0_bb.v                        ; --            ; --          ; --             ;
; MISC_FILE                            ; clk_gen.cmp                            ; --            ; --          ; --             ;
; MISC_FILE                            ; clk_gen_sim/clk_gen.vo                 ; --            ; --          ; --             ;
; MISC_FILE                            ; pll.cmp                                ; --            ; --          ; --             ;
; MISC_FILE                            ; pll_sim/pll.vo                         ; --            ; --          ; --             ;
; MISC_FILE                            ; music_rom1_bb.v                        ; --            ; --          ; --             ;
; MISC_FILE                            ; rom_time1_bb.v                         ; --            ; --          ; --             ;
; MISC_FILE                            ; music_rom2_bb.v                        ; --            ; --          ; --             ;
; MISC_FILE                            ; rom_time2_bb.v                         ; --            ; --          ; --             ;
; MISC_FILE                            ; music_rom3_bb.v                        ; --            ; --          ; --             ;
; MISC_FILE                            ; rom_time3_bb.v                         ; --            ; --          ; --             ;
; PARTITION_COLOR                      ; -- (Not supported for targeted family) ; --            ; top         ; Top            ;
; PARTITION_FITTER_PRESERVATION_LEVEL  ; -- (Not supported for targeted family) ; --            ; top         ; Top            ;
; PARTITION_NETLIST_TYPE               ; -- (Not supported for targeted family) ; --            ; top         ; Top            ;
; POWER_BOARD_THERMAL_MODEL            ; None (CONSERVATIVE)                    ; --            ; --          ; --             ;
; POWER_PRESET_COOLING_SOLUTION        ; 23 MM HEAT SINK WITH 200 LFPM AIRFLOW  ; --            ; --          ; --             ;
; PROJECT_OUTPUT_DIRECTORY             ; output_files                           ; --            ; --          ; --             ;
; SPD_FILE                             ; clk_gen.spd                            ; --            ; --          ; --             ;
; SPD_FILE                             ; pll.spd                                ; --            ; --          ; --             ;
; SYNTHESIS_ONLY_QIP                   ; On                                     ; --            ; --          ; --             ;
; SYNTHESIS_ONLY_QIP                   ; On                                     ; --            ; --          ; --             ;
; TOP_LEVEL_ENTITY                     ; top                                    ; vga_colorbar  ; --          ; --             ;
; USE_SIGNALTAP_FILE                   ; stp1.stp                               ; --            ; --          ; --             ;
+--------------------------------------+----------------------------------------+---------------+-------------+----------------+


+--------------------------------------------------------------------------------------------------------------------------+
; Flow Elapsed Time                                                                                                        ;
+----------------------+--------------+-------------------------+---------------------+------------------------------------+
; Module Name          ; Elapsed Time ; Average Processors Used ; Peak Virtual Memory ; Total CPU Time (on all processors) ;
+----------------------+--------------+-------------------------+---------------------+------------------------------------+
; Analysis & Synthesis ; 00:00:11     ; 1.0                     ; 4969 MB             ; 00:00:10                           ;
; Fitter               ; 00:01:36     ; 1.1                     ; 7636 MB             ; 00:01:39                           ;
; Assembler            ; 00:00:05     ; 1.0                     ; 4897 MB             ; 00:00:03                           ;
; Timing Analyzer      ; 00:00:06     ; 2.8                     ; 5357 MB             ; 00:00:06                           ;
; EDA Netlist Writer   ; 00:00:01     ; 1.0                     ; 4904 MB             ; 00:00:01                           ;
; Total                ; 00:01:59     ; --                      ; --                  ; 00:01:59                           ;
+----------------------+--------------+-------------------------+---------------------+------------------------------------+


+------------------------------------------------------------------------------------+
; Flow OS Summary                                                                    ;
+----------------------+------------------+------------+------------+----------------+
; Module Name          ; Machine Hostname ; OS Name    ; OS Version ; Processor type ;
+----------------------+------------------+------------+------------+----------------+
; Analysis & Synthesis ; Xu-Write         ; Windows 10 ; 10.0       ; x86_64         ;
; Fitter               ; Xu-Write         ; Windows 10 ; 10.0       ; x86_64         ;
; Assembler            ; Xu-Write         ; Windows 10 ; 10.0       ; x86_64         ;
; Timing Analyzer      ; Xu-Write         ; Windows 10 ; 10.0       ; x86_64         ;
; EDA Netlist Writer   ; Xu-Write         ; Windows 10 ; 10.0       ; x86_64         ;
+----------------------+------------------+------------+------------+----------------+


------------
; Flow Log ;
------------
quartus_map --read_settings_files=on --write_settings_files=off vga_colorbar -c vga_colorbar
quartus_fit --read_settings_files=off --write_settings_files=off vga_colorbar -c vga_colorbar
quartus_asm --read_settings_files=off --write_settings_files=off vga_colorbar -c vga_colorbar
quartus_sta vga_colorbar -c vga_colorbar
quartus_eda --read_settings_files=off --write_settings_files=off vga_colorbar -c vga_colorbar



