Analysis & Synthesis report for toplevel
Sun Dec  3 23:26:51 2023
Quartus Prime Version 22.1std.2 Build 922 07/20/2023 SC Lite Edition


---------------------
; Table of Contents ;
---------------------
  1. Legal Notice
  2. Analysis & Synthesis Summary
  3. Analysis & Synthesis Settings
  4. Parallel Compilation
  5. Analysis & Synthesis Source Files Read
  6. Analysis & Synthesis Resource Usage Summary
  7. Analysis & Synthesis Resource Utilization by Entity
  8. Analysis & Synthesis RAM Summary
  9. State Machine - |top|keyboard_press_driver:keyboard_driver|count
 10. State Machine - |top|player:player_inst|player_control:control|CurState
 11. Registers Removed During Synthesis
 12. Removed Registers Triggering Further Register Optimizations
 13. General Register Statistics
 14. Registers Packed Into Inferred Megafunctions
 15. Multiplexer Restructuring Statistics (Restructuring Performed)
 16. Source assignments for audio_player:audio_player_inst|memory:mem|audio_memory:audio_mem|altsyncram:rom_rtl_0|altsyncram_avd1:auto_generated
 17. Parameter Settings for User Entity Instance: Top-level Entity: |top
 18. Parameter Settings for User Entity Instance: keyboard_press_driver:keyboard_driver
 19. Parameter Settings for User Entity Instance: audio_player:audio_player_inst
 20. Parameter Settings for User Entity Instance: audio_player:audio_player_inst|memory:mem
 21. Parameter Settings for User Entity Instance: audio_player:audio_player_inst|memory:mem|audio_memory:audio_mem
 22. Parameter Settings for Inferred Entity Instance: audio_player:audio_player_inst|memory:mem|audio_memory:audio_mem|altsyncram:rom_rtl_0
 23. altsyncram Parameter Settings by Entity Instance
 24. Port Connectivity Checks: "hex:hex_display"
 25. Port Connectivity Checks: "audio_player:audio_player_inst|memory:mem"
 26. Port Connectivity Checks: "audio_player:audio_player_inst"
 27. Port Connectivity Checks: "keyboard_press_driver:keyboard_driver"
 28. Port Connectivity Checks: "player:player_inst"
 29. Post-Synthesis Netlist Statistics for Top Partition
 30. Elapsed Time Per Partition
 31. Analysis & Synthesis Messages
 32. Analysis & Synthesis Suppressed Messages



----------------
; Legal Notice ;
----------------
Copyright (C) 2023  Intel Corporation. All rights reserved.
Your use of Intel Corporation's design tools, logic functions 
and other software and tools, and any partner logic 
functions, and any output files from any of the foregoing 
(including device programming or simulation files), and any 
associated documentation or information are expressly subject 
to the terms and conditions of the Intel Program License 
Subscription Agreement, the Intel Quartus Prime License Agreement,
the Intel FPGA IP License Agreement, or other applicable license
agreement, including, without limitation, that your use is for
the sole purpose of programming logic devices manufactured by
Intel and sold by Intel or its authorized distributors.  Please
refer to the applicable agreement for further details, at
https://fpgasoftware.intel.com/eula.



+----------------------------------------------------------------------------------+
; Analysis & Synthesis Summary                                                     ;
+---------------------------------+------------------------------------------------+
; Analysis & Synthesis Status     ; Successful - Sun Dec  3 23:26:51 2023          ;
; Quartus Prime Version           ; 22.1std.2 Build 922 07/20/2023 SC Lite Edition ;
; Revision Name                   ; toplevel                                       ;
; Top-level Entity Name           ; top                                            ;
; Family                          ; Cyclone V                                      ;
; Logic utilization (in ALMs)     ; N/A                                            ;
; Total registers                 ; 0                                              ;
; Total pins                      ; 27                                             ;
; Total virtual pins              ; 0                                              ;
; Total block memory bits         ; 16                                             ;
; Total DSP Blocks                ; 0                                              ;
; Total HSSI RX PCSs              ; 0                                              ;
; Total HSSI PMA RX Deserializers ; 0                                              ;
; Total HSSI TX PCSs              ; 0                                              ;
; Total HSSI PMA TX Serializers   ; 0                                              ;
; Total PLLs                      ; 0                                              ;
; Total DLLs                      ; 0                                              ;
+---------------------------------+------------------------------------------------+


+---------------------------------------------------------------------------------------------------------------------------+
; Analysis & Synthesis Settings                                                                                             ;
+---------------------------------------------------------------------------------+--------------------+--------------------+
; Option                                                                          ; Setting            ; Default Value      ;
+---------------------------------------------------------------------------------+--------------------+--------------------+
; Device                                                                          ; 5CSEMA5F31C6       ;                    ;
; Top-level entity name                                                           ; top                ; toplevel           ;
; Family name                                                                     ; Cyclone V          ; Cyclone V          ;
; Use smart compilation                                                           ; Off                ; Off                ;
; Enable parallel Assembler and Timing Analyzer during compilation                ; On                 ; On                 ;
; Enable compact report table                                                     ; Off                ; Off                ;
; Restructure Multiplexers                                                        ; Auto               ; Auto               ;
; MLAB Add Timing Constraints For Mixed-Port Feed-Through Mode Setting Don't Care ; Off                ; Off                ;
; Create Debugging Nodes for IP Cores                                             ; Off                ; Off                ;
; Preserve fewer node names                                                       ; On                 ; On                 ;
; Intel FPGA IP Evaluation Mode                                                   ; Enable             ; Enable             ;
; Verilog Version                                                                 ; Verilog_2001       ; Verilog_2001       ;
; VHDL Version                                                                    ; VHDL_1993          ; VHDL_1993          ;
; State Machine Processing                                                        ; Auto               ; Auto               ;
; Safe State Machine                                                              ; Off                ; Off                ;
; Extract Verilog State Machines                                                  ; On                 ; On                 ;
; Extract VHDL State Machines                                                     ; On                 ; On                 ;
; Ignore Verilog initial constructs                                               ; Off                ; Off                ;
; Iteration limit for constant Verilog loops                                      ; 5000               ; 5000               ;
; Iteration limit for non-constant Verilog loops                                  ; 250                ; 250                ;
; Add Pass-Through Logic to Inferred RAMs                                         ; On                 ; On                 ;
; Infer RAMs from Raw Logic                                                       ; On                 ; On                 ;
; Parallel Synthesis                                                              ; On                 ; On                 ;
; DSP Block Balancing                                                             ; Auto               ; Auto               ;
; NOT Gate Push-Back                                                              ; On                 ; On                 ;
; Power-Up Don't Care                                                             ; On                 ; On                 ;
; Remove Redundant Logic Cells                                                    ; Off                ; Off                ;
; Remove Duplicate Registers                                                      ; On                 ; On                 ;
; Ignore CARRY Buffers                                                            ; Off                ; Off                ;
; Ignore CASCADE Buffers                                                          ; Off                ; Off                ;
; Ignore GLOBAL Buffers                                                           ; Off                ; Off                ;
; Ignore ROW GLOBAL Buffers                                                       ; Off                ; Off                ;
; Ignore LCELL Buffers                                                            ; Off                ; Off                ;
; Ignore SOFT Buffers                                                             ; On                 ; On                 ;
; Limit AHDL Integers to 32 Bits                                                  ; Off                ; Off                ;
; Optimization Technique                                                          ; Balanced           ; Balanced           ;
; Carry Chain Length                                                              ; 70                 ; 70                 ;
; Auto Carry Chains                                                               ; On                 ; On                 ;
; Auto Open-Drain Pins                                                            ; On                 ; On                 ;
; Perform WYSIWYG Primitive Resynthesis                                           ; Off                ; Off                ;
; Auto ROM Replacement                                                            ; On                 ; On                 ;
; Auto RAM Replacement                                                            ; On                 ; On                 ;
; Auto DSP Block Replacement                                                      ; On                 ; On                 ;
; Auto Shift Register Replacement                                                 ; Auto               ; Auto               ;
; Allow Shift Register Merging across Hierarchies                                 ; Auto               ; Auto               ;
; Auto Clock Enable Replacement                                                   ; On                 ; On                 ;
; Strict RAM Replacement                                                          ; Off                ; Off                ;
; Allow Synchronous Control Signals                                               ; On                 ; On                 ;
; Force Use of Synchronous Clear Signals                                          ; Off                ; Off                ;
; Auto Resource Sharing                                                           ; Off                ; Off                ;
; Allow Any RAM Size For Recognition                                              ; Off                ; Off                ;
; Allow Any ROM Size For Recognition                                              ; Off                ; Off                ;
; Allow Any Shift Register Size For Recognition                                   ; Off                ; Off                ;
; Use LogicLock Constraints during Resource Balancing                             ; On                 ; On                 ;
; Ignore translate_off and synthesis_off directives                               ; Off                ; Off                ;
; Timing-Driven Synthesis                                                         ; On                 ; On                 ;
; Report Parameter Settings                                                       ; On                 ; On                 ;
; Report Source Assignments                                                       ; On                 ; On                 ;
; Report Connectivity Checks                                                      ; On                 ; On                 ;
; Ignore Maximum Fan-Out Assignments                                              ; Off                ; Off                ;
; Synchronization Register Chain Length                                           ; 3                  ; 3                  ;
; Power Optimization During Synthesis                                             ; Normal compilation ; Normal compilation ;
; HDL message level                                                               ; Level2             ; Level2             ;
; Suppress Register Optimization Related Messages                                 ; Off                ; Off                ;
; Number of Removed Registers Reported in Synthesis Report                        ; 5000               ; 5000               ;
; Number of Swept Nodes Reported in Synthesis Report                              ; 5000               ; 5000               ;
; Number of Inverted Registers Reported in Synthesis Report                       ; 100                ; 100                ;
; Clock MUX Protection                                                            ; On                 ; On                 ;
; Auto Gated Clock Conversion                                                     ; Off                ; Off                ;
; Block Design Naming                                                             ; Auto               ; Auto               ;
; SDC constraint protection                                                       ; Off                ; Off                ;
; Synthesis Effort                                                                ; Auto               ; Auto               ;
; Shift Register Replacement - Allow Asynchronous Clear Signal                    ; On                 ; On                 ;
; Pre-Mapping Resynthesis Optimization                                            ; Off                ; Off                ;
; Analysis & Synthesis Message Level                                              ; Medium             ; Medium             ;
; Disable Register Merging Across Hierarchies                                     ; Auto               ; Auto               ;
; Resource Aware Inference For Block RAM                                          ; On                 ; On                 ;
; Automatic Parallel Synthesis                                                    ; On                 ; On                 ;
; Partial Reconfiguration Bitstream ID                                            ; Off                ; Off                ;
+---------------------------------------------------------------------------------+--------------------+--------------------+


+------------------------------------------+
; Parallel Compilation                     ;
+----------------------------+-------------+
; Processors                 ; Number      ;
+----------------------------+-------------+
; Number detected on machine ; 20          ;
; Maximum allowed            ; 14          ;
;                            ;             ;
; Average used               ; 1.00        ;
; Maximum used               ; 1           ;
;                            ;             ;
; Usage by Processor         ; % Time Used ;
;     Processor 1            ; 100.0%      ;
+----------------------------+-------------+


+----------------------------------------------------------------------------------------------------------------------------------------------------------------------------------------------------------------------+
; Analysis & Synthesis Source Files Read                                                                                                                                                                               ;
+------------------------------------------------+-----------------+-------------------------------------------------------+---------------------------------------------------------------------------------+---------+
; File Name with User-Entered Path               ; Used in Netlist ; File Type                                             ; File Name with Absolute Path                                                    ; Library ;
+------------------------------------------------+-----------------+-------------------------------------------------------+---------------------------------------------------------------------------------+---------+
; ../finalcodes/sample.mif                       ; yes             ; User Memory Initialization File                       ; D:/UT/UD2/ECE241/finalcodes/sample.mif                                          ;         ;
; ../finalcodes/top.v                            ; yes             ; User Verilog HDL File                                 ; D:/UT/UD2/ECE241/finalcodes/top.v                                               ;         ;
; ../finalcodes/player.v                         ; yes             ; User Verilog HDL File                                 ; D:/UT/UD2/ECE241/finalcodes/player.v                                            ;         ;
; ../finalcodes/memory.v                         ; yes             ; User Verilog HDL File                                 ; D:/UT/UD2/ECE241/finalcodes/memory.v                                            ;         ;
; ../finalcodes/keyboard.v                       ; yes             ; User Verilog HDL File                                 ; D:/UT/UD2/ECE241/finalcodes/keyboard.v                                          ;         ;
; ../finalcodes/hex.v                            ; yes             ; User Verilog HDL File                                 ; D:/UT/UD2/ECE241/finalcodes/hex.v                                               ;         ;
; ../finalcodes/audio.v                          ; yes             ; User Verilog HDL File                                 ; D:/UT/UD2/ECE241/finalcodes/audio.v                                             ;         ;
; altsyncram.tdf                                 ; yes             ; Megafunction                                          ; d:/intelfpga_lite/22.1std/quartus/libraries/megafunctions/altsyncram.tdf        ;         ;
; stratix_ram_block.inc                          ; yes             ; Megafunction                                          ; d:/intelfpga_lite/22.1std/quartus/libraries/megafunctions/stratix_ram_block.inc ;         ;
; lpm_mux.inc                                    ; yes             ; Megafunction                                          ; d:/intelfpga_lite/22.1std/quartus/libraries/megafunctions/lpm_mux.inc           ;         ;
; lpm_decode.inc                                 ; yes             ; Megafunction                                          ; d:/intelfpga_lite/22.1std/quartus/libraries/megafunctions/lpm_decode.inc        ;         ;
; aglobal221.inc                                 ; yes             ; Megafunction                                          ; d:/intelfpga_lite/22.1std/quartus/libraries/megafunctions/aglobal221.inc        ;         ;
; a_rdenreg.inc                                  ; yes             ; Megafunction                                          ; d:/intelfpga_lite/22.1std/quartus/libraries/megafunctions/a_rdenreg.inc         ;         ;
; altrom.inc                                     ; yes             ; Megafunction                                          ; d:/intelfpga_lite/22.1std/quartus/libraries/megafunctions/altrom.inc            ;         ;
; altram.inc                                     ; yes             ; Megafunction                                          ; d:/intelfpga_lite/22.1std/quartus/libraries/megafunctions/altram.inc            ;         ;
; altdpram.inc                                   ; yes             ; Megafunction                                          ; d:/intelfpga_lite/22.1std/quartus/libraries/megafunctions/altdpram.inc          ;         ;
; db/altsyncram_avd1.tdf                         ; yes             ; Auto-Generated Megafunction                           ; D:/UT/UD2/ECE241/Final/db/altsyncram_avd1.tdf                                   ;         ;
; db/toplevel.ram0_audio_memory_bcb10e97.hdl.mif ; yes             ; Auto-Generated Auto-Found Memory Initialization File  ; D:/UT/UD2/ECE241/Final/db/toplevel.ram0_audio_memory_bcb10e97.hdl.mif           ;         ;
+------------------------------------------------+-----------------+-------------------------------------------------------+---------------------------------------------------------------------------------+---------+


+-----------------------------------------------------+
; Analysis & Synthesis Resource Usage Summary         ;
+---------------------------------------------+-------+
; Resource                                    ; Usage ;
+---------------------------------------------+-------+
; Estimate of Logic utilization (ALMs needed) ; 1     ;
;                                             ;       ;
; Combinational ALUT usage for logic          ; 1     ;
;     -- 7 input functions                    ; 0     ;
;     -- 6 input functions                    ; 0     ;
;     -- 5 input functions                    ; 0     ;
;     -- 4 input functions                    ; 0     ;
;     -- <=3 input functions                  ; 1     ;
;                                             ;       ;
; Dedicated logic registers                   ; 0     ;
;                                             ;       ;
; I/O pins                                    ; 27    ;
; Total MLAB memory bits                      ; 0     ;
; Total block memory bits                     ; 16    ;
;                                             ;       ;
; Total DSP Blocks                            ; 0     ;
;                                             ;       ;
; Maximum fan-out node                        ; ~GND  ;
; Maximum fan-out                             ; 8     ;
; Total fan-out                               ; 51    ;
; Average fan-out                             ; 0.81  ;
+---------------------------------------------+-------+


+-----------------------------------------------------------------------------------------------------------------------------------------------------------------------------------------------------------------------------------------------------------------------------------------------------------------------+
; Analysis & Synthesis Resource Utilization by Entity                                                                                                                                                                                                                                                                   ;
+-------------------------------------------------+---------------------+---------------------------+-------------------+------------+------+--------------+---------------------------------------------------------------------------------------------------------------------------+-----------------+--------------+
; Compilation Hierarchy Node                      ; Combinational ALUTs ; Dedicated Logic Registers ; Block Memory Bits ; DSP Blocks ; Pins ; Virtual Pins ; Full Hierarchy Name                                                                                                       ; Entity Name     ; Library Name ;
+-------------------------------------------------+---------------------+---------------------------+-------------------+------------+------+--------------+---------------------------------------------------------------------------------------------------------------------------+-----------------+--------------+
; |top                                            ; 1 (1)               ; 0 (0)                     ; 16                ; 0          ; 27   ; 0            ; |top                                                                                                                      ; top             ; work         ;
;    |audio_player:audio_player_inst|             ; 0 (0)               ; 0 (0)                     ; 16                ; 0          ; 0    ; 0            ; |top|audio_player:audio_player_inst                                                                                       ; audio_player    ; work         ;
;       |memory:mem|                              ; 0 (0)               ; 0 (0)                     ; 16                ; 0          ; 0    ; 0            ; |top|audio_player:audio_player_inst|memory:mem                                                                            ; memory          ; work         ;
;          |audio_memory:audio_mem|               ; 0 (0)               ; 0 (0)                     ; 16                ; 0          ; 0    ; 0            ; |top|audio_player:audio_player_inst|memory:mem|audio_memory:audio_mem                                                     ; audio_memory    ; work         ;
;             |altsyncram:rom_rtl_0|              ; 0 (0)               ; 0 (0)                     ; 16                ; 0          ; 0    ; 0            ; |top|audio_player:audio_player_inst|memory:mem|audio_memory:audio_mem|altsyncram:rom_rtl_0                                ; altsyncram      ; work         ;
;                |altsyncram_avd1:auto_generated| ; 0 (0)               ; 0 (0)                     ; 16                ; 0          ; 0    ; 0            ; |top|audio_player:audio_player_inst|memory:mem|audio_memory:audio_mem|altsyncram:rom_rtl_0|altsyncram_avd1:auto_generated ; altsyncram_avd1 ; work         ;
+-------------------------------------------------+---------------------+---------------------------+-------------------+------------+------+--------------+---------------------------------------------------------------------------------------------------------------------------+-----------------+--------------+
Note: For table entries with two numbers listed, the numbers in parentheses indicate the number of resources of the given type used by the specific entity alone. The numbers listed outside of parentheses indicate the total resources of the given type used by the specific entity and all of its sub-entities in the hierarchy.


+--------------------------------------------------------------------------------------------------------------------------------------------------------------------------------------------------------------------------------------------------------------------+
; Analysis & Synthesis RAM Summary                                                                                                                                                                                                                                   ;
+---------------------------------------------------------------------------------------------------------------------------------+------+------+--------------+--------------+--------------+--------------+-------+------------------------------------------------+
; Name                                                                                                                            ; Type ; Mode ; Port A Depth ; Port A Width ; Port B Depth ; Port B Width ; Size  ; MIF                                            ;
+---------------------------------------------------------------------------------------------------------------------------------+------+------+--------------+--------------+--------------+--------------+-------+------------------------------------------------+
; audio_player:audio_player_inst|memory:mem|audio_memory:audio_mem|altsyncram:rom_rtl_0|altsyncram_avd1:auto_generated|ALTSYNCRAM ; AUTO ; ROM  ; 1024         ; 16           ; --           ; --           ; 16384 ; db/toplevel.ram0_audio_memory_bcb10e97.hdl.mif ;
+---------------------------------------------------------------------------------------------------------------------------------+------+------+--------------+--------------+--------------+--------------+-------+------------------------------------------------+


Encoding Type:  One-Hot
+------------------------------------------------------------------+
; State Machine - |top|keyboard_press_driver:keyboard_driver|count ;
+----------+----------+----------+----------+----------------------+
; Name     ; count.11 ; count.10 ; count.01 ; count.00             ;
+----------+----------+----------+----------+----------------------+
; count.00 ; 0        ; 0        ; 0        ; 0                    ;
; count.01 ; 0        ; 0        ; 1        ; 1                    ;
; count.10 ; 0        ; 1        ; 0        ; 1                    ;
; count.11 ; 1        ; 0        ; 0        ; 1                    ;
+----------+----------+----------+----------+----------------------+


Encoding Type:  One-Hot
+--------------------------------------------------------------------------------------------------------------------+
; State Machine - |top|player:player_inst|player_control:control|CurState                                            ;
+-----------------------+-----------------------+-------------------+----------------+---------------+---------------+
; Name                  ; CurState.PLAYPREVIOUS ; CurState.PLAYNEXT ; CurState.PAUSE ; CurState.PLAY ; CurState.LOAD ;
+-----------------------+-----------------------+-------------------+----------------+---------------+---------------+
; CurState.LOAD         ; 0                     ; 0                 ; 0              ; 0             ; 0             ;
; CurState.PLAY         ; 0                     ; 0                 ; 0              ; 1             ; 1             ;
; CurState.PAUSE        ; 0                     ; 0                 ; 1              ; 0             ; 1             ;
; CurState.PLAYNEXT     ; 0                     ; 1                 ; 0              ; 0             ; 1             ;
; CurState.PLAYPREVIOUS ; 1                     ; 0                 ; 0              ; 0             ; 1             ;
+-----------------------+-----------------------+-------------------+----------------+---------------+---------------+


+--------------------------------------------------------------------------------------------------------------------------------+
; Registers Removed During Synthesis                                                                                             ;
+---------------------------------------------------------------------------------------+----------------------------------------+
; Register name                                                                         ; Reason for Removal                     ;
+---------------------------------------------------------------------------------------+----------------------------------------+
; audio_player:audio_player_inst|address[0..9]                                          ; Stuck at GND due to stuck port data_in ;
; keyboard_press_driver:keyboard_driver|count~6                                         ; Lost fanout                            ;
; keyboard_press_driver:keyboard_driver|count~7                                         ; Lost fanout                            ;
; keyboard_press_driver:keyboard_driver|keyboard_inner_driver:kbd|scan_ready            ; Lost fanout                            ;
; player_command[0..2]                                                                  ; Lost fanout                            ;
; keyboard_press_driver:keyboard_driver|keyboard_inner_driver:kbd|ready_set             ; Lost fanout                            ;
; keyboard_press_driver:keyboard_driver|read                                            ; Lost fanout                            ;
; keyboard_press_driver:keyboard_driver|outCode[0..7]                                   ; Lost fanout                            ;
; keyboard_press_driver:keyboard_driver|valid                                           ; Lost fanout                            ;
; keyboard_press_driver:keyboard_driver|keyboard_inner_driver:kbd|incnt[0..3]           ; Lost fanout                            ;
; keyboard_press_driver:keyboard_driver|keyboard_inner_driver:kbd|read_char             ; Lost fanout                            ;
; keyboard_press_driver:keyboard_driver|keyboard_inner_driver:kbd|keyboard_clk_filtered ; Lost fanout                            ;
; keyboard_press_driver:keyboard_driver|keyboard_inner_driver:kbd|scan_code[0..7]       ; Lost fanout                            ;
; keyboard_press_driver:keyboard_driver|key_pressed                                     ; Lost fanout                            ;
; keyboard_press_driver:keyboard_driver|filter_scan[0..7]                               ; Lost fanout                            ;
; keyboard_press_driver:keyboard_driver|state                                           ; Lost fanout                            ;
; keyboard_press_driver:keyboard_driver|keyboard_inner_driver:kbd|filter[0..7]          ; Lost fanout                            ;
; keyboard_press_driver:keyboard_driver|keyboard_inner_driver:kbd|clock                 ; Lost fanout                            ;
; keyboard_press_driver:keyboard_driver|keyboard_inner_driver:kbd|shiftin[0..8]         ; Lost fanout                            ;
; keyboard_press_driver:keyboard_driver|count.00                                        ; Lost fanout                            ;
; keyboard_press_driver:keyboard_driver|count.01                                        ; Lost fanout                            ;
; keyboard_press_driver:keyboard_driver|count.10                                        ; Lost fanout                            ;
; keyboard_press_driver:keyboard_driver|count.11                                        ; Lost fanout                            ;
; player:player_inst|player_control:control|CurState.LOAD                               ; Lost fanout                            ;
; player:player_inst|player_control:control|CurState.PLAY                               ; Lost fanout                            ;
; player:player_inst|player_control:control|CurState.PAUSE                              ; Lost fanout                            ;
; player:player_inst|player_control:control|CurState.PLAYNEXT                           ; Lost fanout                            ;
; player:player_inst|player_control:control|CurState.PLAYPREVIOUS                       ; Lost fanout                            ;
; Total Number of Removed Registers = 78                                                ;                                        ;
+---------------------------------------------------------------------------------------+----------------------------------------+


+-------------------------------------------------------------------------------------------------------------------------------------------------------------+
; Removed Registers Triggering Further Register Optimizations                                                                                                 ;
+-----------------------------------------------+--------------------+----------------------------------------------------------------------------------------+
; Register name                                 ; Reason for Removal ; Registers Removed due to This Register                                                 ;
+-----------------------------------------------+--------------------+----------------------------------------------------------------------------------------+
; player_command[0]                             ; Lost Fanouts       ; keyboard_press_driver:keyboard_driver|outCode[0],                                      ;
;                                               ;                    ; keyboard_press_driver:keyboard_driver|outCode[1],                                      ;
;                                               ;                    ; keyboard_press_driver:keyboard_driver|outCode[2],                                      ;
;                                               ;                    ; keyboard_press_driver:keyboard_driver|outCode[3],                                      ;
;                                               ;                    ; keyboard_press_driver:keyboard_driver|outCode[4],                                      ;
;                                               ;                    ; keyboard_press_driver:keyboard_driver|outCode[5],                                      ;
;                                               ;                    ; keyboard_press_driver:keyboard_driver|outCode[6],                                      ;
;                                               ;                    ; keyboard_press_driver:keyboard_driver|outCode[7],                                      ;
;                                               ;                    ; keyboard_press_driver:keyboard_driver|valid,                                           ;
;                                               ;                    ; keyboard_press_driver:keyboard_driver|keyboard_inner_driver:kbd|scan_code[0],          ;
;                                               ;                    ; keyboard_press_driver:keyboard_driver|keyboard_inner_driver:kbd|scan_code[1],          ;
;                                               ;                    ; keyboard_press_driver:keyboard_driver|keyboard_inner_driver:kbd|scan_code[2],          ;
;                                               ;                    ; keyboard_press_driver:keyboard_driver|keyboard_inner_driver:kbd|scan_code[3],          ;
;                                               ;                    ; keyboard_press_driver:keyboard_driver|keyboard_inner_driver:kbd|scan_code[4],          ;
;                                               ;                    ; keyboard_press_driver:keyboard_driver|keyboard_inner_driver:kbd|scan_code[5],          ;
;                                               ;                    ; keyboard_press_driver:keyboard_driver|keyboard_inner_driver:kbd|scan_code[6],          ;
;                                               ;                    ; keyboard_press_driver:keyboard_driver|keyboard_inner_driver:kbd|scan_code[7],          ;
;                                               ;                    ; keyboard_press_driver:keyboard_driver|key_pressed,                                     ;
;                                               ;                    ; keyboard_press_driver:keyboard_driver|state,                                           ;
;                                               ;                    ; keyboard_press_driver:keyboard_driver|keyboard_inner_driver:kbd|shiftin[0],            ;
;                                               ;                    ; keyboard_press_driver:keyboard_driver|keyboard_inner_driver:kbd|shiftin[1],            ;
;                                               ;                    ; keyboard_press_driver:keyboard_driver|keyboard_inner_driver:kbd|shiftin[2],            ;
;                                               ;                    ; keyboard_press_driver:keyboard_driver|keyboard_inner_driver:kbd|shiftin[3],            ;
;                                               ;                    ; keyboard_press_driver:keyboard_driver|keyboard_inner_driver:kbd|shiftin[4],            ;
;                                               ;                    ; keyboard_press_driver:keyboard_driver|keyboard_inner_driver:kbd|shiftin[5],            ;
;                                               ;                    ; keyboard_press_driver:keyboard_driver|keyboard_inner_driver:kbd|shiftin[6],            ;
;                                               ;                    ; keyboard_press_driver:keyboard_driver|keyboard_inner_driver:kbd|shiftin[7],            ;
;                                               ;                    ; keyboard_press_driver:keyboard_driver|keyboard_inner_driver:kbd|shiftin[8]             ;
; keyboard_press_driver:keyboard_driver|count~6 ; Lost Fanouts       ; keyboard_press_driver:keyboard_driver|keyboard_inner_driver:kbd|scan_ready,            ;
;                                               ;                    ; keyboard_press_driver:keyboard_driver|keyboard_inner_driver:kbd|ready_set,             ;
;                                               ;                    ; keyboard_press_driver:keyboard_driver|read,                                            ;
;                                               ;                    ; keyboard_press_driver:keyboard_driver|keyboard_inner_driver:kbd|incnt[3],              ;
;                                               ;                    ; keyboard_press_driver:keyboard_driver|keyboard_inner_driver:kbd|incnt[2],              ;
;                                               ;                    ; keyboard_press_driver:keyboard_driver|keyboard_inner_driver:kbd|incnt[0],              ;
;                                               ;                    ; keyboard_press_driver:keyboard_driver|keyboard_inner_driver:kbd|incnt[1],              ;
;                                               ;                    ; keyboard_press_driver:keyboard_driver|keyboard_inner_driver:kbd|read_char,             ;
;                                               ;                    ; keyboard_press_driver:keyboard_driver|keyboard_inner_driver:kbd|keyboard_clk_filtered, ;
;                                               ;                    ; keyboard_press_driver:keyboard_driver|keyboard_inner_driver:kbd|filter[0],             ;
;                                               ;                    ; keyboard_press_driver:keyboard_driver|keyboard_inner_driver:kbd|filter[1],             ;
;                                               ;                    ; keyboard_press_driver:keyboard_driver|keyboard_inner_driver:kbd|filter[2],             ;
;                                               ;                    ; keyboard_press_driver:keyboard_driver|keyboard_inner_driver:kbd|filter[3],             ;
;                                               ;                    ; keyboard_press_driver:keyboard_driver|keyboard_inner_driver:kbd|filter[4],             ;
;                                               ;                    ; keyboard_press_driver:keyboard_driver|keyboard_inner_driver:kbd|filter[5],             ;
;                                               ;                    ; keyboard_press_driver:keyboard_driver|keyboard_inner_driver:kbd|filter[6],             ;
;                                               ;                    ; keyboard_press_driver:keyboard_driver|keyboard_inner_driver:kbd|filter[7],             ;
;                                               ;                    ; keyboard_press_driver:keyboard_driver|keyboard_inner_driver:kbd|clock,                 ;
;                                               ;                    ; keyboard_press_driver:keyboard_driver|count.00,                                        ;
;                                               ;                    ; keyboard_press_driver:keyboard_driver|count.01,                                        ;
;                                               ;                    ; keyboard_press_driver:keyboard_driver|count.10                                         ;
+-----------------------------------------------+--------------------+----------------------------------------------------------------------------------------+


+------------------------------------------------------+
; General Register Statistics                          ;
+----------------------------------------------+-------+
; Statistic                                    ; Value ;
+----------------------------------------------+-------+
; Total registers                              ; 0     ;
; Number of registers using Synchronous Clear  ; 0     ;
; Number of registers using Synchronous Load   ; 0     ;
; Number of registers using Asynchronous Clear ; 0     ;
; Number of registers using Asynchronous Load  ; 0     ;
; Number of registers using Clock Enable       ; 0     ;
; Number of registers using Preset             ; 0     ;
+----------------------------------------------+-------+


+---------------------------------------------------------------------------------------------------------------------------------------------------------------------+
; Registers Packed Into Inferred Megafunctions                                                                                                                        ;
+---------------------------------------------------------------------------------+----------------------------------------------------------------------------+------+
; Register Name                                                                   ; Megafunction                                                               ; Type ;
+---------------------------------------------------------------------------------+----------------------------------------------------------------------------+------+
; audio_player:audio_player_inst|memory:mem|audio_memory:audio_mem|data_out[0..7] ; audio_player:audio_player_inst|memory:mem|audio_memory:audio_mem|rom_rtl_0 ; RAM  ;
+---------------------------------------------------------------------------------+----------------------------------------------------------------------------+------+


+---------------------------------------------------------------------------------------------------------------------------------------------------------------------------------------------+
; Multiplexer Restructuring Statistics (Restructuring Performed)                                                                                                                              ;
+--------------------+-----------+---------------+----------------------+------------------------+------------+-------------------------------------------------------------------------------+
; Multiplexer Inputs ; Bus Width ; Baseline Area ; Area if Restructured ; Saving if Restructured ; Registered ; Example Multiplexer Output                                                    ;
+--------------------+-----------+---------------+----------------------+------------------------+------------+-------------------------------------------------------------------------------+
; 3:1                ; 8 bits    ; 16 LEs        ; 0 LEs                ; 16 LEs                 ; Yes        ; |top|keyboard_press_driver:keyboard_driver|filter_scan[7]                     ;
; 4:1                ; 4 bits    ; 8 LEs         ; 8 LEs                ; 0 LEs                  ; Yes        ; |top|keyboard_press_driver:keyboard_driver|keyboard_inner_driver:kbd|incnt[3] ;
; 3:1                ; 2 bits    ; 4 LEs         ; 4 LEs                ; 0 LEs                  ; No         ; |top|player:player_inst|player_control:control|CurState                       ;
+--------------------+-----------+---------------+----------------------+------------------------+------------+-------------------------------------------------------------------------------+


+---------------------------------------------------------------------------------------------------------------------------------------------+
; Source assignments for audio_player:audio_player_inst|memory:mem|audio_memory:audio_mem|altsyncram:rom_rtl_0|altsyncram_avd1:auto_generated ;
+---------------------------------+--------------------+------+-------------------------------------------------------------------------------+
; Assignment                      ; Value              ; From ; To                                                                            ;
+---------------------------------+--------------------+------+-------------------------------------------------------------------------------+
; OPTIMIZE_POWER_DURING_SYNTHESIS ; NORMAL_COMPILATION ; -    ; -                                                                             ;
+---------------------------------+--------------------+------+-------------------------------------------------------------------------------+


+---------------------------------------------------------------------+
; Parameter Settings for User Entity Instance: Top-level Entity: |top ;
+----------------+-------+--------------------------------------------+
; Parameter Name ; Value ; Type                                       ;
+----------------+-------+--------------------------------------------+
; AddressWidth   ; 10    ; Signed Integer                             ;
; DataWidth      ; 16    ; Signed Integer                             ;
+----------------+-------+--------------------------------------------+
Note: In order to hide this table in the UI and the text report file, please set the "Show Parameter Settings in Synthesis Report" option in "Analysis and Synthesis Settings -> More Settings" to "Off".


+------------------------------------------------------------------------------------+
; Parameter Settings for User Entity Instance: keyboard_press_driver:keyboard_driver ;
+----------------+----------+--------------------------------------------------------+
; Parameter Name ; Value    ; Type                                                   ;
+----------------+----------+--------------------------------------------------------+
; FIRST          ; 0        ; Unsigned Binary                                        ;
; SEENF0         ; 1        ; Unsigned Binary                                        ;
; NULL           ; 00000000 ; Unsigned Binary                                        ;
+----------------+----------+--------------------------------------------------------+
Note: In order to hide this table in the UI and the text report file, please set the "Show Parameter Settings in Synthesis Report" option in "Analysis and Synthesis Settings -> More Settings" to "Off".


+-----------------------------------------------------------------------------+
; Parameter Settings for User Entity Instance: audio_player:audio_player_inst ;
+----------------+-------+----------------------------------------------------+
; Parameter Name ; Value ; Type                                               ;
+----------------+-------+----------------------------------------------------+
; AddressWidth   ; 10    ; Signed Integer                                     ;
; DataWidth      ; 16    ; Signed Integer                                     ;
+----------------+-------+----------------------------------------------------+
Note: In order to hide this table in the UI and the text report file, please set the "Show Parameter Settings in Synthesis Report" option in "Analysis and Synthesis Settings -> More Settings" to "Off".


+----------------------------------------------------------------------------------------+
; Parameter Settings for User Entity Instance: audio_player:audio_player_inst|memory:mem ;
+----------------+-------+---------------------------------------------------------------+
; Parameter Name ; Value ; Type                                                          ;
+----------------+-------+---------------------------------------------------------------+
; AddressWidth   ; 10    ; Signed Integer                                                ;
; DataWidth      ; 16    ; Signed Integer                                                ;
+----------------+-------+---------------------------------------------------------------+
Note: In order to hide this table in the UI and the text report file, please set the "Show Parameter Settings in Synthesis Report" option in "Analysis and Synthesis Settings -> More Settings" to "Off".


+---------------------------------------------------------------------------------------------------------------+
; Parameter Settings for User Entity Instance: audio_player:audio_player_inst|memory:mem|audio_memory:audio_mem ;
+----------------+-------+--------------------------------------------------------------------------------------+
; Parameter Name ; Value ; Type                                                                                 ;
+----------------+-------+--------------------------------------------------------------------------------------+
; AddressWidth   ; 10    ; Signed Integer                                                                       ;
; DataWidth      ; 16    ; Signed Integer                                                                       ;
; MEM_DEPTH      ; 1024  ; Signed Integer                                                                       ;
+----------------+-------+--------------------------------------------------------------------------------------+
Note: In order to hide this table in the UI and the text report file, please set the "Show Parameter Settings in Synthesis Report" option in "Analysis and Synthesis Settings -> More Settings" to "Off".


+----------------------------------------------------------------------------------------------------------------------------------------+
; Parameter Settings for Inferred Entity Instance: audio_player:audio_player_inst|memory:mem|audio_memory:audio_mem|altsyncram:rom_rtl_0 ;
+------------------------------------+------------------------------------------------+--------------------------------------------------+
; Parameter Name                     ; Value                                          ; Type                                             ;
+------------------------------------+------------------------------------------------+--------------------------------------------------+
; BYTE_SIZE_BLOCK                    ; 8                                              ; Untyped                                          ;
; AUTO_CARRY_CHAINS                  ; ON                                             ; AUTO_CARRY                                       ;
; IGNORE_CARRY_BUFFERS               ; OFF                                            ; IGNORE_CARRY                                     ;
; AUTO_CASCADE_CHAINS                ; ON                                             ; AUTO_CASCADE                                     ;
; IGNORE_CASCADE_BUFFERS             ; OFF                                            ; IGNORE_CASCADE                                   ;
; WIDTH_BYTEENA                      ; 1                                              ; Untyped                                          ;
; OPERATION_MODE                     ; ROM                                            ; Untyped                                          ;
; WIDTH_A                            ; 16                                             ; Untyped                                          ;
; WIDTHAD_A                          ; 10                                             ; Untyped                                          ;
; NUMWORDS_A                         ; 1024                                           ; Untyped                                          ;
; OUTDATA_REG_A                      ; UNREGISTERED                                   ; Untyped                                          ;
; ADDRESS_ACLR_A                     ; NONE                                           ; Untyped                                          ;
; OUTDATA_ACLR_A                     ; NONE                                           ; Untyped                                          ;
; WRCONTROL_ACLR_A                   ; NONE                                           ; Untyped                                          ;
; INDATA_ACLR_A                      ; NONE                                           ; Untyped                                          ;
; BYTEENA_ACLR_A                     ; NONE                                           ; Untyped                                          ;
; WIDTH_B                            ; 1                                              ; Untyped                                          ;
; WIDTHAD_B                          ; 1                                              ; Untyped                                          ;
; NUMWORDS_B                         ; 1                                              ; Untyped                                          ;
; INDATA_REG_B                       ; CLOCK1                                         ; Untyped                                          ;
; WRCONTROL_WRADDRESS_REG_B          ; CLOCK1                                         ; Untyped                                          ;
; RDCONTROL_REG_B                    ; CLOCK1                                         ; Untyped                                          ;
; ADDRESS_REG_B                      ; CLOCK1                                         ; Untyped                                          ;
; OUTDATA_REG_B                      ; UNREGISTERED                                   ; Untyped                                          ;
; BYTEENA_REG_B                      ; CLOCK1                                         ; Untyped                                          ;
; INDATA_ACLR_B                      ; NONE                                           ; Untyped                                          ;
; WRCONTROL_ACLR_B                   ; NONE                                           ; Untyped                                          ;
; ADDRESS_ACLR_B                     ; NONE                                           ; Untyped                                          ;
; OUTDATA_ACLR_B                     ; NONE                                           ; Untyped                                          ;
; RDCONTROL_ACLR_B                   ; NONE                                           ; Untyped                                          ;
; BYTEENA_ACLR_B                     ; NONE                                           ; Untyped                                          ;
; WIDTH_BYTEENA_A                    ; 1                                              ; Untyped                                          ;
; WIDTH_BYTEENA_B                    ; 1                                              ; Untyped                                          ;
; RAM_BLOCK_TYPE                     ; AUTO                                           ; Untyped                                          ;
; BYTE_SIZE                          ; 8                                              ; Untyped                                          ;
; READ_DURING_WRITE_MODE_MIXED_PORTS ; DONT_CARE                                      ; Untyped                                          ;
; READ_DURING_WRITE_MODE_PORT_A      ; NEW_DATA_NO_NBE_READ                           ; Untyped                                          ;
; READ_DURING_WRITE_MODE_PORT_B      ; NEW_DATA_NO_NBE_READ                           ; Untyped                                          ;
; INIT_FILE                          ; db/toplevel.ram0_audio_memory_bcb10e97.hdl.mif ; Untyped                                          ;
; INIT_FILE_LAYOUT                   ; PORT_A                                         ; Untyped                                          ;
; MAXIMUM_DEPTH                      ; 0                                              ; Untyped                                          ;
; CLOCK_ENABLE_INPUT_A               ; NORMAL                                         ; Untyped                                          ;
; CLOCK_ENABLE_INPUT_B               ; NORMAL                                         ; Untyped                                          ;
; CLOCK_ENABLE_OUTPUT_A              ; NORMAL                                         ; Untyped                                          ;
; CLOCK_ENABLE_OUTPUT_B              ; NORMAL                                         ; Untyped                                          ;
; CLOCK_ENABLE_CORE_A                ; USE_INPUT_CLKEN                                ; Untyped                                          ;
; CLOCK_ENABLE_CORE_B                ; USE_INPUT_CLKEN                                ; Untyped                                          ;
; ENABLE_ECC                         ; FALSE                                          ; Untyped                                          ;
; ECC_PIPELINE_STAGE_ENABLED         ; FALSE                                          ; Untyped                                          ;
; WIDTH_ECCSTATUS                    ; 3                                              ; Untyped                                          ;
; DEVICE_FAMILY                      ; Cyclone V                                      ; Untyped                                          ;
; CBXI_PARAMETER                     ; altsyncram_avd1                                ; Untyped                                          ;
+------------------------------------+------------------------------------------------+--------------------------------------------------+
Note: In order to hide this table in the UI and the text report file, please set the "Show Parameter Settings in Synthesis Report" option in "Analysis and Synthesis Settings -> More Settings" to "Off".


+-----------------------------------------------------------------------------------------------------------------------------------+
; altsyncram Parameter Settings by Entity Instance                                                                                  ;
+-------------------------------------------+---------------------------------------------------------------------------------------+
; Name                                      ; Value                                                                                 ;
+-------------------------------------------+---------------------------------------------------------------------------------------+
; Number of entity instances                ; 1                                                                                     ;
; Entity Instance                           ; audio_player:audio_player_inst|memory:mem|audio_memory:audio_mem|altsyncram:rom_rtl_0 ;
;     -- OPERATION_MODE                     ; ROM                                                                                   ;
;     -- WIDTH_A                            ; 16                                                                                    ;
;     -- NUMWORDS_A                         ; 1024                                                                                  ;
;     -- OUTDATA_REG_A                      ; UNREGISTERED                                                                          ;
;     -- WIDTH_B                            ; 1                                                                                     ;
;     -- NUMWORDS_B                         ; 1                                                                                     ;
;     -- ADDRESS_REG_B                      ; CLOCK1                                                                                ;
;     -- OUTDATA_REG_B                      ; UNREGISTERED                                                                          ;
;     -- RAM_BLOCK_TYPE                     ; AUTO                                                                                  ;
;     -- READ_DURING_WRITE_MODE_MIXED_PORTS ; DONT_CARE                                                                             ;
+-------------------------------------------+---------------------------------------------------------------------------------------+


+--------------------------------------------------+
; Port Connectivity Checks: "hex:hex_display"      ;
+------+-------+----------+------------------------+
; Port ; Type  ; Severity ; Details                ;
+------+-------+----------+------------------------+
; c    ; Input ; Info     ; Explicitly unconnected ;
+------+-------+----------+------------------------+


+---------------------------------------------------------------------------------------------------------------------------+
; Port Connectivity Checks: "audio_player:audio_player_inst|memory:mem"                                                     ;
+-----------------+--------+----------+-------------------------------------------------------------------------------------+
; Port            ; Type   ; Severity ; Details                                                                             ;
+-----------------+--------+----------+-------------------------------------------------------------------------------------+
; data_out[15..8] ; Output ; Info     ; Connected to dangling logic. Logic that only feeds a dangling port will be removed. ;
+-----------------+--------+----------+-------------------------------------------------------------------------------------+


+--------------------------------------------------------------------------------------------------------------------------------------------------------------------------------------------------------+
; Port Connectivity Checks: "audio_player:audio_player_inst"                                                                                                                                             ;
+-----------+--------+----------+------------------------------------------------------------------------------------------------------------------------------------------------------------------------+
; Port      ; Type   ; Severity ; Details                                                                                                                                                                ;
+-----------+--------+----------+------------------------------------------------------------------------------------------------------------------------------------------------------------------------+
; audio_out ; Output ; Warning  ; Output or bidir port (8 bits) is smaller than the port expression (16 bits) it drives.  The 8 most-significant bit(s) in the port expression will be connected to GND. ;
+-----------+--------+----------+------------------------------------------------------------------------------------------------------------------------------------------------------------------------+


+-------------------------------------------------------------------+
; Port Connectivity Checks: "keyboard_press_driver:keyboard_driver" ;
+-----------+--------+----------+-----------------------------------+
; Port      ; Type   ; Severity ; Details                           ;
+-----------+--------+----------+-----------------------------------+
; makeBreak ; Output ; Info     ; Explicitly unconnected            ;
+-----------+--------+----------+-----------------------------------+


+-------------------------------------------------------------------------------------------------------------------------------------------+
; Port Connectivity Checks: "player:player_inst"                                                                                            ;
+------------+--------+----------+----------------------------------------------------------------------------------------------------------+
; Port       ; Type   ; Severity ; Details                                                                                                  ;
+------------+--------+----------+----------------------------------------------------------------------------------------------------------+
; ld         ; Output ; Info     ; Connected to dangling logic. Logic that only feeds a dangling port will be removed.                      ;
; ps         ; Output ; Info     ; Connected to dangling logic. Logic that only feeds a dangling port will be removed.                      ;
; pn         ; Output ; Warning  ; Declared by entity but not connected by instance. Logic that only feeds a dangling port will be removed. ;
; pp         ; Output ; Warning  ; Declared by entity but not connected by instance. Logic that only feeds a dangling port will be removed. ;
; song_index ; Output ; Warning  ; Declared by entity but not connected by instance. Logic that only feeds a dangling port will be removed. ;
+------------+--------+----------+----------------------------------------------------------------------------------------------------------+


+-----------------------------------------------------+
; Post-Synthesis Netlist Statistics for Top Partition ;
+-----------------------+-----------------------------+
; Type                  ; Count                       ;
+-----------------------+-----------------------------+
; arriav_lcell_comb     ; 2                           ;
;     normal            ; 2                           ;
;         0 data inputs ; 2                           ;
; boundary_port         ; 27                          ;
; stratixv_ram_block    ; 8                           ;
;                       ;                             ;
; Max LUT depth         ; 0.00                        ;
; Average LUT depth     ; 0.00                        ;
+-----------------------+-----------------------------+


+-------------------------------+
; Elapsed Time Per Partition    ;
+----------------+--------------+
; Partition Name ; Elapsed Time ;
+----------------+--------------+
; Top            ; 00:00:00     ;
+----------------+--------------+


+-------------------------------+
; Analysis & Synthesis Messages ;
+-------------------------------+
Info: *******************************************************************
Info: Running Quartus Prime Analysis & Synthesis
    Info: Version 22.1std.2 Build 922 07/20/2023 SC Lite Edition
    Info: Processing started: Sun Dec  3 23:26:44 2023
Info: Command: quartus_map --read_settings_files=on --write_settings_files=off final -c toplevel
Warning (18236): Number of processors has not been specified which may cause overloading on shared machines.  Set the global assignment NUM_PARALLEL_PROCESSORS in your QSF to an appropriate value for best performance.
Info (20030): Parallel compilation is enabled and will use 14 of the 14 processors detected
Info (12021): Found 1 design units, including 1 entities, in source file /ut/ud2/ece241/finalcodes/top.v
    Info (12023): Found entity 1: top File: D:/UT/UD2/ECE241/finalcodes/top.v Line: 1
Info (12021): Found 2 design units, including 2 entities, in source file /ut/ud2/ece241/finalcodes/player.v
    Info (12023): Found entity 1: player File: D:/UT/UD2/ECE241/finalcodes/player.v Line: 1
    Info (12023): Found entity 2: player_control File: D:/UT/UD2/ECE241/finalcodes/player.v Line: 34
Info (12021): Found 4 design units, including 4 entities, in source file /ut/ud2/ece241/finalcodes/memory.v
    Info (12023): Found entity 1: memory File: D:/UT/UD2/ECE241/finalcodes/memory.v Line: 1
    Info (12023): Found entity 2: ram_control File: D:/UT/UD2/ECE241/finalcodes/memory.v Line: 18
    Info (12023): Found entity 3: ram_datapath File: D:/UT/UD2/ECE241/finalcodes/memory.v Line: 55
    Info (12023): Found entity 4: RAM File: D:/UT/UD2/ECE241/finalcodes/memory.v Line: 85
Info (12021): Found 2 design units, including 2 entities, in source file /ut/ud2/ece241/finalcodes/keyboard.v
    Info (12023): Found entity 1: keyboard_press_driver File: D:/UT/UD2/ECE241/finalcodes/keyboard.v Line: 1
    Info (12023): Found entity 2: keyboard_inner_driver File: D:/UT/UD2/ECE241/finalcodes/keyboard.v Line: 107
Info (12021): Found 1 design units, including 1 entities, in source file /ut/ud2/ece241/finalcodes/hex.v
    Info (12023): Found entity 1: hex File: D:/UT/UD2/ECE241/finalcodes/hex.v Line: 1
Info (12021): Found 2 design units, including 2 entities, in source file /ut/ud2/ece241/finalcodes/audio.v
    Info (12023): Found entity 1: audio_player File: D:/UT/UD2/ECE241/finalcodes/audio.v Line: 1
    Info (12023): Found entity 2: audio_memory File: D:/UT/UD2/ECE241/finalcodes/audio.v Line: 30
Info (12127): Elaborating entity "top" for the top level hierarchy
Info (12128): Elaborating entity "player" for hierarchy "player:player_inst" File: D:/UT/UD2/ECE241/finalcodes/top.v Line: 44
Info (12128): Elaborating entity "player_control" for hierarchy "player:player_inst|player_control:control" File: D:/UT/UD2/ECE241/finalcodes/player.v Line: 31
Info (10264): Verilog HDL Case Statement information at player.v(52): all case item expressions in this case statement are onehot File: D:/UT/UD2/ECE241/finalcodes/player.v Line: 52
Warning (10230): Verilog HDL assignment warning at player.v(73): truncated value with size 32 to match size of target (4) File: D:/UT/UD2/ECE241/finalcodes/player.v Line: 73
Warning (10230): Verilog HDL assignment warning at player.v(74): truncated value with size 32 to match size of target (4) File: D:/UT/UD2/ECE241/finalcodes/player.v Line: 74
Info (10264): Verilog HDL Case Statement information at player.v(72): all case item expressions in this case statement are onehot File: D:/UT/UD2/ECE241/finalcodes/player.v Line: 72
Warning (10034): Output port "ld" at player.v(38) has no driver File: D:/UT/UD2/ECE241/finalcodes/player.v Line: 38
Warning (10034): Output port "p" at player.v(38) has no driver File: D:/UT/UD2/ECE241/finalcodes/player.v Line: 38
Warning (10034): Output port "ps" at player.v(38) has no driver File: D:/UT/UD2/ECE241/finalcodes/player.v Line: 38
Warning (10034): Output port "pn" at player.v(38) has no driver File: D:/UT/UD2/ECE241/finalcodes/player.v Line: 38
Warning (10034): Output port "pp" at player.v(38) has no driver File: D:/UT/UD2/ECE241/finalcodes/player.v Line: 38
Info (12128): Elaborating entity "keyboard_press_driver" for hierarchy "keyboard_press_driver:keyboard_driver" File: D:/UT/UD2/ECE241/finalcodes/top.v Line: 54
Info (12128): Elaborating entity "keyboard_inner_driver" for hierarchy "keyboard_press_driver:keyboard_driver|keyboard_inner_driver:kbd" File: D:/UT/UD2/ECE241/finalcodes/keyboard.v Line: 38
Info (12128): Elaborating entity "audio_player" for hierarchy "audio_player:audio_player_inst" File: D:/UT/UD2/ECE241/finalcodes/top.v Line: 62
Warning (10230): Verilog HDL assignment warning at audio.v(23): truncated value with size 32 to match size of target (10) File: D:/UT/UD2/ECE241/finalcodes/audio.v Line: 23
Info (12128): Elaborating entity "memory" for hierarchy "audio_player:audio_player_inst|memory:mem" File: D:/UT/UD2/ECE241/finalcodes/audio.v Line: 17
Info (12128): Elaborating entity "audio_memory" for hierarchy "audio_player:audio_player_inst|memory:mem|audio_memory:audio_mem" File: D:/UT/UD2/ECE241/finalcodes/memory.v Line: 15
Warning (10850): Verilog HDL warning at audio.v(42): number of words (0) in memory file does not match the number of elements in the address range [0:1023] File: D:/UT/UD2/ECE241/finalcodes/audio.v Line: 42
Warning (10030): Net "rom.data_a" at audio.v(39) has no driver or initial value, using a default initial value '0' File: D:/UT/UD2/ECE241/finalcodes/audio.v Line: 39
Warning (10030): Net "rom.waddr_a" at audio.v(39) has no driver or initial value, using a default initial value '0' File: D:/UT/UD2/ECE241/finalcodes/audio.v Line: 39
Warning (10030): Net "rom.we_a" at audio.v(39) has no driver or initial value, using a default initial value '0' File: D:/UT/UD2/ECE241/finalcodes/audio.v Line: 39
Info (12128): Elaborating entity "hex" for hierarchy "hex:hex_display" File: D:/UT/UD2/ECE241/finalcodes/top.v Line: 67
Info (19000): Inferred 1 megafunctions from design logic
    Info (276029): Inferred altsyncram megafunction from the following design logic: "audio_player:audio_player_inst|memory:mem|audio_memory:audio_mem|rom_rtl_0" 
        Info (286033): Parameter OPERATION_MODE set to ROM
        Info (286033): Parameter WIDTH_A set to 16
        Info (286033): Parameter WIDTHAD_A set to 10
        Info (286033): Parameter NUMWORDS_A set to 1024
        Info (286033): Parameter OUTDATA_REG_A set to UNREGISTERED
        Info (286033): Parameter ADDRESS_ACLR_A set to NONE
        Info (286033): Parameter OUTDATA_ACLR_A set to NONE
        Info (286033): Parameter INDATA_ACLR_A set to NONE
        Info (286033): Parameter WRCONTROL_ACLR_A set to NONE
        Info (286033): Parameter INIT_FILE set to db/toplevel.ram0_audio_memory_bcb10e97.hdl.mif
Info (12130): Elaborated megafunction instantiation "audio_player:audio_player_inst|memory:mem|audio_memory:audio_mem|altsyncram:rom_rtl_0"
Info (12133): Instantiated megafunction "audio_player:audio_player_inst|memory:mem|audio_memory:audio_mem|altsyncram:rom_rtl_0" with the following parameter:
    Info (12134): Parameter "OPERATION_MODE" = "ROM"
    Info (12134): Parameter "WIDTH_A" = "16"
    Info (12134): Parameter "WIDTHAD_A" = "10"
    Info (12134): Parameter "NUMWORDS_A" = "1024"
    Info (12134): Parameter "OUTDATA_REG_A" = "UNREGISTERED"
    Info (12134): Parameter "ADDRESS_ACLR_A" = "NONE"
    Info (12134): Parameter "OUTDATA_ACLR_A" = "NONE"
    Info (12134): Parameter "INDATA_ACLR_A" = "NONE"
    Info (12134): Parameter "WRCONTROL_ACLR_A" = "NONE"
    Info (12134): Parameter "INIT_FILE" = "db/toplevel.ram0_audio_memory_bcb10e97.hdl.mif"
Info (12021): Found 1 design units, including 1 entities, in source file db/altsyncram_avd1.tdf
    Info (12023): Found entity 1: altsyncram_avd1 File: D:/UT/UD2/ECE241/Final/db/altsyncram_avd1.tdf Line: 28
Warning (14284): Synthesized away the following node(s):
    Warning (14285): Synthesized away the following RAM node(s):
        Warning (14320): Synthesized away node "audio_player:audio_player_inst|memory:mem|audio_memory:audio_mem|altsyncram:rom_rtl_0|altsyncram_avd1:auto_generated|ram_block1a8" File: D:/UT/UD2/ECE241/Final/db/altsyncram_avd1.tdf Line: 203
        Warning (14320): Synthesized away node "audio_player:audio_player_inst|memory:mem|audio_memory:audio_mem|altsyncram:rom_rtl_0|altsyncram_avd1:auto_generated|ram_block1a9" File: D:/UT/UD2/ECE241/Final/db/altsyncram_avd1.tdf Line: 224
        Warning (14320): Synthesized away node "audio_player:audio_player_inst|memory:mem|audio_memory:audio_mem|altsyncram:rom_rtl_0|altsyncram_avd1:auto_generated|ram_block1a10" File: D:/UT/UD2/ECE241/Final/db/altsyncram_avd1.tdf Line: 245
        Warning (14320): Synthesized away node "audio_player:audio_player_inst|memory:mem|audio_memory:audio_mem|altsyncram:rom_rtl_0|altsyncram_avd1:auto_generated|ram_block1a11" File: D:/UT/UD2/ECE241/Final/db/altsyncram_avd1.tdf Line: 266
        Warning (14320): Synthesized away node "audio_player:audio_player_inst|memory:mem|audio_memory:audio_mem|altsyncram:rom_rtl_0|altsyncram_avd1:auto_generated|ram_block1a12" File: D:/UT/UD2/ECE241/Final/db/altsyncram_avd1.tdf Line: 287
        Warning (14320): Synthesized away node "audio_player:audio_player_inst|memory:mem|audio_memory:audio_mem|altsyncram:rom_rtl_0|altsyncram_avd1:auto_generated|ram_block1a13" File: D:/UT/UD2/ECE241/Final/db/altsyncram_avd1.tdf Line: 308
        Warning (14320): Synthesized away node "audio_player:audio_player_inst|memory:mem|audio_memory:audio_mem|altsyncram:rom_rtl_0|altsyncram_avd1:auto_generated|ram_block1a14" File: D:/UT/UD2/ECE241/Final/db/altsyncram_avd1.tdf Line: 329
        Warning (14320): Synthesized away node "audio_player:audio_player_inst|memory:mem|audio_memory:audio_mem|altsyncram:rom_rtl_0|altsyncram_avd1:auto_generated|ram_block1a15" File: D:/UT/UD2/ECE241/Final/db/altsyncram_avd1.tdf Line: 350
Warning (12241): 2 hierarchies have connectivity warnings - see the Connectivity Checks report folder
Warning (13024): Output pins are stuck at VCC or GND
    Warning (13410): Pin "HEX0[0]" is stuck at GND File: D:/UT/UD2/ECE241/finalcodes/top.v Line: 6
    Warning (13410): Pin "HEX0[1]" is stuck at GND File: D:/UT/UD2/ECE241/finalcodes/top.v Line: 6
    Warning (13410): Pin "HEX0[2]" is stuck at GND File: D:/UT/UD2/ECE241/finalcodes/top.v Line: 6
    Warning (13410): Pin "HEX0[3]" is stuck at GND File: D:/UT/UD2/ECE241/finalcodes/top.v Line: 6
    Warning (13410): Pin "HEX0[4]" is stuck at GND File: D:/UT/UD2/ECE241/finalcodes/top.v Line: 6
    Warning (13410): Pin "HEX0[5]" is stuck at GND File: D:/UT/UD2/ECE241/finalcodes/top.v Line: 6
    Warning (13410): Pin "HEX0[6]" is stuck at VCC File: D:/UT/UD2/ECE241/finalcodes/top.v Line: 6
    Warning (13410): Pin "AUDIO_OUT[8]" is stuck at GND File: D:/UT/UD2/ECE241/finalcodes/top.v Line: 8
    Warning (13410): Pin "AUDIO_OUT[9]" is stuck at GND File: D:/UT/UD2/ECE241/finalcodes/top.v Line: 8
    Warning (13410): Pin "AUDIO_OUT[10]" is stuck at GND File: D:/UT/UD2/ECE241/finalcodes/top.v Line: 8
    Warning (13410): Pin "AUDIO_OUT[11]" is stuck at GND File: D:/UT/UD2/ECE241/finalcodes/top.v Line: 8
    Warning (13410): Pin "AUDIO_OUT[12]" is stuck at GND File: D:/UT/UD2/ECE241/finalcodes/top.v Line: 8
    Warning (13410): Pin "AUDIO_OUT[13]" is stuck at GND File: D:/UT/UD2/ECE241/finalcodes/top.v Line: 8
    Warning (13410): Pin "AUDIO_OUT[14]" is stuck at GND File: D:/UT/UD2/ECE241/finalcodes/top.v Line: 8
    Warning (13410): Pin "AUDIO_OUT[15]" is stuck at GND File: D:/UT/UD2/ECE241/finalcodes/top.v Line: 8
Info (17049): 68 registers lost all their fanouts during netlist optimizations.
Info (17036): Removed 9 MSB VCC or GND address nodes from RAM block "audio_player:audio_player_inst|memory:mem|audio_memory:audio_mem|altsyncram:rom_rtl_0|altsyncram_avd1:auto_generated|ALTSYNCRAM" File: D:/UT/UD2/ECE241/Final/db/altsyncram_avd1.tdf Line: 35
Info (144001): Generated suppressed messages file D:/UT/UD2/ECE241/Final/output_files/toplevel.map.smsg
Info (16010): Generating hard_block partition "hard_block:auto_generated_inst"
    Info (16011): Adding 0 node(s), including 0 DDIO, 0 PLL, 0 transceiver and 0 LCELL
Warning (21074): Design contains 3 input pin(s) that do not drive logic
    Warning (15610): No output dependent on input pin "RESET" File: D:/UT/UD2/ECE241/finalcodes/top.v Line: 3
    Warning (15610): No output dependent on input pin "PS2_DAT" File: D:/UT/UD2/ECE241/finalcodes/top.v Line: 4
    Warning (15610): No output dependent on input pin "PS2_CLK" File: D:/UT/UD2/ECE241/finalcodes/top.v Line: 5
Info (21057): Implemented 36 device resources after synthesis - the final resource count might be different
    Info (21058): Implemented 4 input pins
    Info (21059): Implemented 23 output pins
    Info (21061): Implemented 1 logic cells
    Info (21064): Implemented 8 RAM segments
Info: Quartus Prime Analysis & Synthesis was successful. 0 errors, 44 warnings
    Info: Peak virtual memory: 4817 megabytes
    Info: Processing ended: Sun Dec  3 23:26:51 2023
    Info: Elapsed time: 00:00:07
    Info: Total CPU time (on all processors): 00:00:04


+------------------------------------------+
; Analysis & Synthesis Suppressed Messages ;
+------------------------------------------+
The suppressed messages can be found in D:/UT/UD2/ECE241/Final/output_files/toplevel.map.smsg.


